This file contains any messages produced by compilers while
running configure, to aid debugging if configure makes a mistake.

It was created by configure, which was
generated by GNU Autoconf 2.59.  Invocation command line was

  $ ./configure 

## --------- ##
## Platform. ##
## --------- ##

hostname = chris-desktop
uname -m = x86_64
uname -r = 2.6.31-21-generic
uname -s = Linux
uname -v = #59-Ubuntu SMP Wed Mar 24 07:28:27 UTC 2010

/usr/bin/uname -p = unknown
/bin/uname -X     = unknown

/bin/arch              = unknown
/usr/bin/arch -k       = unknown
/usr/convex/getsysinfo = unknown
hostinfo               = unknown
/bin/machine           = unknown
/usr/bin/oslevel       = unknown
/bin/universe          = unknown

PATH: /usr/local/sbin
PATH: /usr/local/bin
PATH: /usr/sbin
PATH: /usr/bin
PATH: /sbin
PATH: /bin
PATH: /usr/games


## ----------- ##
## Core tests. ##
## ----------- ##

configure:1538: checking build system type
configure:1556: result: x86_64-unknown-linux-gnu
configure:1564: checking host system type
configure:1578: result: x86_64-unknown-linux-gnu
configure:1586: checking target system type
configure:1600: result: x86_64-unknown-linux-gnu
configure:1614: WARNING: Trying libtool.  If the following fails install libtool
configure:1662: checking for gcc
configure:1678: found /usr/bin/gcc
configure:1688: result: gcc
configure:1932: checking for C compiler version
configure:1935: gcc --version </dev/null >&5
gcc (Ubuntu 4.4.1-4ubuntu9) 4.4.1
Copyright (C) 2009 Free Software Foundation, Inc.
This is free software; see the source for copying conditions.  There is NO
warranty; not even for MERCHANTABILITY or FITNESS FOR A PARTICULAR PURPOSE.

configure:1938: $? = 0
configure:1940: gcc -v </dev/null >&5
Using built-in specs.
Target: x86_64-linux-gnu
Configured with: ../src/configure -v --with-pkgversion='Ubuntu 4.4.1-4ubuntu9' --with-bugurl=file:///usr/share/doc/gcc-4.4/README.Bugs --enable-languages=c,c++,fortran,objc,obj-c++ --prefix=/usr --enable-shared --enable-multiarch --enable-linker-build-id --with-system-zlib --libexecdir=/usr/lib --without-included-gettext --enable-threads=posix --with-gxx-include-dir=/usr/include/c++/4.4 --program-suffix=-4.4 --enable-nls --enable-clocale=gnu --enable-libstdcxx-debug --enable-objc-gc --disable-werror --with-arch-32=i486 --with-tune=generic --enable-checking=release --build=x86_64-linux-gnu --host=x86_64-linux-gnu --target=x86_64-linux-gnu
Thread model: posix
gcc version 4.4.1 (Ubuntu 4.4.1-4ubuntu9) 
configure:1943: $? = 0
configure:1945: gcc -V </dev/null >&5
gcc: '-V' option must have argument
configure:1948: $? = 1
configure:1971: checking for C compiler default output file name
configure:1974: gcc    conftest.c  >&5
configure:1977: $? = 0
configure:2023: result: a.out
configure:2028: checking whether the C compiler works
configure:2034: ./a.out
configure:2037: $? = 0
configure:2054: result: yes
configure:2061: checking whether we are cross compiling
configure:2063: result: no
configure:2066: checking for suffix of executables
configure:2068: gcc -o conftest    conftest.c  >&5
configure:2071: $? = 0
configure:2096: result: 
configure:2102: checking for suffix of object files
configure:2123: gcc -c   conftest.c >&5
configure:2126: $? = 0
configure:2148: result: o
configure:2152: checking whether we are using the GNU C compiler
configure:2176: gcc -c   conftest.c >&5
configure:2182: $? = 0
configure:2186: test -z 
			 || test ! -s conftest.err
configure:2189: $? = 0
configure:2192: test -s conftest.o
configure:2195: $? = 0
configure:2208: result: yes
configure:2214: checking whether gcc accepts -g
configure:2235: gcc -c -g  conftest.c >&5
configure:2241: $? = 0
configure:2245: test -z 
			 || test ! -s conftest.err
configure:2248: $? = 0
configure:2251: test -s conftest.o
configure:2254: $? = 0
configure:2265: result: yes
configure:2282: checking for gcc option to accept ANSI C
configure:2352: gcc  -c -g -O2  conftest.c >&5
configure:2358: $? = 0
configure:2362: test -z 
			 || test ! -s conftest.err
configure:2365: $? = 0
configure:2368: test -s conftest.o
configure:2371: $? = 0
configure:2389: result: none needed
configure:2407: gcc -c -g -O2  conftest.c >&5
conftest.c:2: error: expected '=', ',', ';', 'asm' or '__attribute__' before 'me'
configure:2413: $? = 1
configure: failed program was:
| #ifndef __cplusplus
|   choke me
| #endif
configure:2620: checking for a sed that does not truncate output
configure:2674: result: /bin/sed
configure:2677: checking for egrep
configure:2687: result: grep -E
configure:2703: checking for ld used by gcc
configure:2770: result: /usr/bin/ld
configure:2779: checking if the linker (/usr/bin/ld) is GNU ld
configure:2794: result: yes
configure:2799: checking for /usr/bin/ld option to reload object files
configure:2806: result: -r
configure:2824: checking for BSD-compatible nm
configure:2866: result: /usr/bin/nm -B
configure:2870: checking whether ln -s works
configure:2874: result: yes
configure:2881: checking how to recognise dependent libraries
configure:3053: result: pass_all
configure:3138: gcc -c -g -O2  conftest.c >&5
configure:3141: $? = 0
configure:3267: checking how to run the C preprocessor
configure:3302: gcc -E  conftest.c
configure:3308: $? = 0
configure:3340: gcc -E  conftest.c
conftest.c:9:28: error: ac_nonexistent.h: No such file or directory
configure:3346: $? = 1
configure: failed program was:
| /* confdefs.h.  */
| 
| #define PACKAGE_NAME ""
| #define PACKAGE_TARNAME ""
| #define PACKAGE_VERSION ""
| #define PACKAGE_STRING ""
| #define PACKAGE_BUGREPORT ""
| /* end confdefs.h.  */
| #include <ac_nonexistent.h>
configure:3385: result: gcc -E
configure:3409: gcc -E  conftest.c
configure:3415: $? = 0
configure:3447: gcc -E  conftest.c
conftest.c:9:28: error: ac_nonexistent.h: No such file or directory
configure:3453: $? = 1
configure: failed program was:
| /* confdefs.h.  */
| 
| #define PACKAGE_NAME ""
| #define PACKAGE_TARNAME ""
| #define PACKAGE_VERSION ""
| #define PACKAGE_STRING ""
| #define PACKAGE_BUGREPORT ""
| /* end confdefs.h.  */
| #include <ac_nonexistent.h>
configure:3497: checking for ANSI C header files
configure:3522: gcc -c -g -O2  conftest.c >&5
configure:3528: $? = 0
configure:3532: test -z 
			 || test ! -s conftest.err
configure:3535: $? = 0
configure:3538: test -s conftest.o
configure:3541: $? = 0
configure:3630: gcc -o conftest -g -O2   conftest.c  >&5
conftest.c: In function 'main':
conftest.c:26: warning: incompatible implicit declaration of built-in function 'exit'
configure:3633: $? = 0
configure:3635: ./conftest
configure:3638: $? = 0
configure:3653: result: yes
configure:3677: checking for sys/types.h
configure:3693: gcc -c -g -O2  conftest.c >&5
configure:3699: $? = 0
configure:3703: test -z 
			 || test ! -s conftest.err
configure:3706: $? = 0
configure:3709: test -s conftest.o
configure:3712: $? = 0
configure:3723: result: yes
configure:3677: checking for sys/stat.h
configure:3693: gcc -c -g -O2  conftest.c >&5
configure:3699: $? = 0
configure:3703: test -z 
			 || test ! -s conftest.err
configure:3706: $? = 0
configure:3709: test -s conftest.o
configure:3712: $? = 0
configure:3723: result: yes
configure:3677: checking for stdlib.h
configure:3693: gcc -c -g -O2  conftest.c >&5
configure:3699: $? = 0
configure:3703: test -z 
			 || test ! -s conftest.err
configure:3706: $? = 0
configure:3709: test -s conftest.o
configure:3712: $? = 0
configure:3723: result: yes
configure:3677: checking for string.h
configure:3693: gcc -c -g -O2  conftest.c >&5
configure:3699: $? = 0
configure:3703: test -z 
			 || test ! -s conftest.err
configure:3706: $? = 0
configure:3709: test -s conftest.o
configure:3712: $? = 0
configure:3723: result: yes
configure:3677: checking for memory.h
configure:3693: gcc -c -g -O2  conftest.c >&5
configure:3699: $? = 0
configure:3703: test -z 
			 || test ! -s conftest.err
configure:3706: $? = 0
configure:3709: test -s conftest.o
configure:3712: $? = 0
configure:3723: result: yes
configure:3677: checking for strings.h
configure:3693: gcc -c -g -O2  conftest.c >&5
configure:3699: $? = 0
configure:3703: test -z 
			 || test ! -s conftest.err
configure:3706: $? = 0
configure:3709: test -s conftest.o
configure:3712: $? = 0
configure:3723: result: yes
configure:3677: checking for inttypes.h
configure:3693: gcc -c -g -O2  conftest.c >&5
configure:3699: $? = 0
configure:3703: test -z 
			 || test ! -s conftest.err
configure:3706: $? = 0
configure:3709: test -s conftest.o
configure:3712: $? = 0
configure:3723: result: yes
configure:3677: checking for stdint.h
configure:3693: gcc -c -g -O2  conftest.c >&5
configure:3699: $? = 0
configure:3703: test -z 
			 || test ! -s conftest.err
configure:3706: $? = 0
configure:3709: test -s conftest.o
configure:3712: $? = 0
configure:3723: result: yes
configure:3677: checking for unistd.h
configure:3693: gcc -c -g -O2  conftest.c >&5
configure:3699: $? = 0
configure:3703: test -z 
			 || test ! -s conftest.err
configure:3706: $? = 0
configure:3709: test -s conftest.o
configure:3712: $? = 0
configure:3723: result: yes
configure:3749: checking dlfcn.h usability
configure:3761: gcc -c -g -O2  conftest.c >&5
configure:3767: $? = 0
configure:3771: test -z 
			 || test ! -s conftest.err
configure:3774: $? = 0
configure:3777: test -s conftest.o
configure:3780: $? = 0
configure:3790: result: yes
configure:3794: checking dlfcn.h presence
configure:3804: gcc -E  conftest.c
configure:3810: $? = 0
configure:3830: result: yes
configure:3865: checking for dlfcn.h
configure:3872: result: yes
configure:3937: checking for g++
configure:3953: found /usr/bin/g++
configure:3963: result: g++
configure:3979: checking for C++ compiler version
configure:3982: g++ --version </dev/null >&5
g++ (Ubuntu 4.4.1-4ubuntu9) 4.4.1
Copyright (C) 2009 Free Software Foundation, Inc.
This is free software; see the source for copying conditions.  There is NO
warranty; not even for MERCHANTABILITY or FITNESS FOR A PARTICULAR PURPOSE.

configure:3985: $? = 0
configure:3987: g++ -v </dev/null >&5
Using built-in specs.
Target: x86_64-linux-gnu
Configured with: ../src/configure -v --with-pkgversion='Ubuntu 4.4.1-4ubuntu9' --with-bugurl=file:///usr/share/doc/gcc-4.4/README.Bugs --enable-languages=c,c++,fortran,objc,obj-c++ --prefix=/usr --enable-shared --enable-multiarch --enable-linker-build-id --with-system-zlib --libexecdir=/usr/lib --without-included-gettext --enable-threads=posix --with-gxx-include-dir=/usr/include/c++/4.4 --program-suffix=-4.4 --enable-nls --enable-clocale=gnu --enable-libstdcxx-debug --enable-objc-gc --disable-werror --with-arch-32=i486 --with-tune=generic --enable-checking=release --build=x86_64-linux-gnu --host=x86_64-linux-gnu --target=x86_64-linux-gnu
Thread model: posix
gcc version 4.4.1 (Ubuntu 4.4.1-4ubuntu9) 
configure:3990: $? = 0
configure:3992: g++ -V </dev/null >&5
g++: '-V' option must have argument
configure:3995: $? = 1
configure:3998: checking whether we are using the GNU C++ compiler
configure:4022: g++ -c   conftest.cc >&5
configure:4028: $? = 0
configure:4032: test -z 
			 || test ! -s conftest.err
configure:4035: $? = 0
configure:4038: test -s conftest.o
configure:4041: $? = 0
configure:4054: result: yes
configure:4060: checking whether g++ accepts -g
configure:4081: g++ -c -g  conftest.cc >&5
configure:4087: $? = 0
configure:4091: test -z 
			 || test ! -s conftest.err
configure:4094: $? = 0
configure:4097: test -s conftest.o
configure:4100: $? = 0
configure:4111: result: yes
configure:4153: g++ -c -g -O2  conftest.cc >&5
configure:4159: $? = 0
configure:4163: test -z 
			 || test ! -s conftest.err
configure:4166: $? = 0
configure:4169: test -s conftest.o
configure:4172: $? = 0
configure:4198: g++ -c -g -O2  conftest.cc >&5
conftest.cc: In function 'int main()':
conftest.cc:24: error: 'exit' was not declared in this scope
configure:4204: $? = 1
configure: failed program was:
| /* confdefs.h.  */
| 
| #define PACKAGE_NAME ""
| #define PACKAGE_TARNAME ""
| #define PACKAGE_VERSION ""
| #define PACKAGE_STRING ""
| #define PACKAGE_BUGREPORT ""
| #define STDC_HEADERS 1
| #define HAVE_SYS_TYPES_H 1
| #define HAVE_SYS_STAT_H 1
| #define HAVE_STDLIB_H 1
| #define HAVE_STRING_H 1
| #define HAVE_MEMORY_H 1
| #define HAVE_STRINGS_H 1
| #define HAVE_INTTYPES_H 1
| #define HAVE_STDINT_H 1
| #define HAVE_UNISTD_H 1
| #define HAVE_DLFCN_H 1
| /* end confdefs.h.  */
| 
| int
| main ()
| {
| exit (42);
|   ;
|   return 0;
| }
configure:4153: g++ -c -g -O2  conftest.cc >&5
conftest.cc:20: error: 'void std::exit(int)' should have been declared inside 'std'
configure:4159: $? = 1
configure: failed program was:
| /* confdefs.h.  */
| 
| #define PACKAGE_NAME ""
| #define PACKAGE_TARNAME ""
| #define PACKAGE_VERSION ""
| #define PACKAGE_STRING ""
| #define PACKAGE_BUGREPORT ""
| #define STDC_HEADERS 1
| #define HAVE_SYS_TYPES_H 1
| #define HAVE_SYS_STAT_H 1
| #define HAVE_STDLIB_H 1
| #define HAVE_STRING_H 1
| #define HAVE_MEMORY_H 1
| #define HAVE_STRINGS_H 1
| #define HAVE_INTTYPES_H 1
| #define HAVE_STDINT_H 1
| #define HAVE_UNISTD_H 1
| #define HAVE_DLFCN_H 1
| /* end confdefs.h.  */
| extern "C" void std::exit (int) throw (); using std::exit;
| #include <stdlib.h>
| int
| main ()
| {
| exit (42);
|   ;
|   return 0;
| }
configure:4153: g++ -c -g -O2  conftest.cc >&5
conftest.cc:20: error: 'void std::exit(int)' should have been declared inside 'std'
In file included from conftest.cc:21:
/usr/include/stdlib.h:543: error: declaration of 'void std::exit(int) throw ()' throws different exceptions
conftest.cc:20: error: from previous declaration 'void std::exit(int)'
configure:4159: $? = 1
configure: failed program was:
| /* confdefs.h.  */
| 
| #define PACKAGE_NAME ""
| #define PACKAGE_TARNAME ""
| #define PACKAGE_VERSION ""
| #define PACKAGE_STRING ""
| #define PACKAGE_BUGREPORT ""
| #define STDC_HEADERS 1
| #define HAVE_SYS_TYPES_H 1
| #define HAVE_SYS_STAT_H 1
| #define HAVE_STDLIB_H 1
| #define HAVE_STRING_H 1
| #define HAVE_MEMORY_H 1
| #define HAVE_STRINGS_H 1
| #define HAVE_INTTYPES_H 1
| #define HAVE_STDINT_H 1
| #define HAVE_UNISTD_H 1
| #define HAVE_DLFCN_H 1
| /* end confdefs.h.  */
| extern "C" void std::exit (int); using std::exit;
| #include <stdlib.h>
| int
| main ()
| {
| exit (42);
|   ;
|   return 0;
| }
configure:4153: g++ -c -g -O2  conftest.cc >&5
configure:4159: $? = 0
configure:4163: test -z 
			 || test ! -s conftest.err
configure:4166: $? = 0
configure:4169: test -s conftest.o
configure:4172: $? = 0
configure:4198: g++ -c -g -O2  conftest.cc >&5
configure:4204: $? = 0
configure:4208: test -z 
			 || test ! -s conftest.err
configure:4211: $? = 0
configure:4214: test -s conftest.o
configure:4217: $? = 0
configure:4250: checking how to run the C++ preprocessor
configure:4281: g++ -E  conftest.cc
configure:4287: $? = 0
configure:4319: g++ -E  conftest.cc
conftest.cc:23:28: error: ac_nonexistent.h: No such file or directory
configure:4325: $? = 1
configure: failed program was:
| /* confdefs.h.  */
| 
| #define PACKAGE_NAME ""
| #define PACKAGE_TARNAME ""
| #define PACKAGE_VERSION ""
| #define PACKAGE_STRING ""
| #define PACKAGE_BUGREPORT ""
| #define STDC_HEADERS 1
| #define HAVE_SYS_TYPES_H 1
| #define HAVE_SYS_STAT_H 1
| #define HAVE_STDLIB_H 1
| #define HAVE_STRING_H 1
| #define HAVE_MEMORY_H 1
| #define HAVE_STRINGS_H 1
| #define HAVE_INTTYPES_H 1
| #define HAVE_STDINT_H 1
| #define HAVE_UNISTD_H 1
| #define HAVE_DLFCN_H 1
| #ifdef __cplusplus
| extern "C" void exit (int) throw ();
| #endif
| /* end confdefs.h.  */
| #include <ac_nonexistent.h>
configure:4364: result: g++ -E
configure:4388: g++ -E  conftest.cc
configure:4394: $? = 0
configure:4426: g++ -E  conftest.cc
conftest.cc:23:28: error: ac_nonexistent.h: No such file or directory
configure:4432: $? = 1
configure: failed program was:
| /* confdefs.h.  */
| 
| #define PACKAGE_NAME ""
| #define PACKAGE_TARNAME ""
| #define PACKAGE_VERSION ""
| #define PACKAGE_STRING ""
| #define PACKAGE_BUGREPORT ""
| #define STDC_HEADERS 1
| #define HAVE_SYS_TYPES_H 1
| #define HAVE_SYS_STAT_H 1
| #define HAVE_STDLIB_H 1
| #define HAVE_STRING_H 1
| #define HAVE_MEMORY_H 1
| #define HAVE_STRINGS_H 1
| #define HAVE_INTTYPES_H 1
| #define HAVE_STDINT_H 1
| #define HAVE_UNISTD_H 1
| #define HAVE_DLFCN_H 1
| #ifdef __cplusplus
| extern "C" void exit (int) throw ();
| #endif
| /* end confdefs.h.  */
| #include <ac_nonexistent.h>
configure:4529: checking for g77
configure:4558: result: no
configure:4529: checking for f77
configure:4545: found /usr/bin/f77
configure:4555: result: f77
configure:4570: checking for Fortran 77 compiler version
configure:4573: f77 --version </dev/null >&5
/usr/bin/f77: Illegal option: --version
configure:4576: $? = 255
configure:4578: f77 -v </dev/null >&5
/usr/bin/f77: fort77 Version 1.15
/usr/bin/f77: No input files specified
configure:4581: $? = 255
configure:4583: f77 -V </dev/null >&5
/usr/bin/f77 : Missing argument to "-V"
configure:4586: $? = 255
configure:4594: checking whether we are using the GNU Fortran 77 compiler
configure:4608: f77 -c  conftest.F >&5
   MAIN main:
configure:4614: $? = 0
configure:4618: test -z 
			 || test ! -s conftest.err
configure:4621: $? = 0
configure:4624: test -s conftest.o
configure:4627: $? = 0
configure:4640: result: yes
configure:4646: checking whether f77 accepts -g
configure:4658: f77 -c -g conftest.f >&5
   MAIN main:
configure:4664: $? = 0
configure:4668: test -z 
			 || test ! -s conftest.err
configure:4671: $? = 0
configure:4674: test -s conftest.o
configure:4677: $? = 0
configure:4689: result: yes
configure:4719: checking the maximum length of command line arguments
configure:4811: result: 32768
configure:4822: checking command to parse /usr/bin/nm -B output from gcc object
configure:4918: gcc -c -g -O2  conftest.c >&5
configure:4921: $? = 0
configure:4925: /usr/bin/nm -B conftest.o \| sed -n -e 's/^.*[ 	]\([ABCDGIRSTW][ABCDGIRSTW]*\)[ 	][ 	]*\([_A-Za-z][_A-Za-z0-9]*\)$/\1 \2 \2/p' \> conftest.nm
configure:4928: $? = 0
configure:4980: gcc -o conftest -g -O2   conftest.c conftstm.o >&5
configure:4983: $? = 0
configure:5021: result: ok
configure:5025: checking for objdir
configure:5040: result: .libs
configure:5130: checking for ar
configure:5146: found /usr/bin/ar
configure:5157: result: ar
configure:5210: checking for ranlib
configure:5226: found /usr/bin/ranlib
configure:5237: result: ranlib
configure:5290: checking for strip
configure:5306: found /usr/bin/strip
configure:5317: result: strip
configure:5604: checking if gcc static flag  works
configure:5632: result: yes
configure:5654: checking if gcc supports -fno-rtti -fno-exceptions
configure:5672: gcc -c -g -O2  -fno-rtti -fno-exceptions conftest.c >&5
cc1: warning: command line option "-fno-rtti" is valid for C++/ObjC++ but not for C
configure:5676: $? = 0
configure:5689: result: no
configure:5704: checking for gcc option to produce PIC
configure:5908: result: -fPIC
configure:5916: checking if gcc PIC flag -fPIC works
configure:5934: gcc -c -g -O2  -fPIC -DPIC conftest.c >&5
configure:5938: $? = 0
configure:5951: result: yes
configure:5975: checking if gcc supports -c -o file.o
configure:5996: gcc -c -g -O2  -o out/conftest2.o conftest.c >&5
configure:6000: $? = 0
configure:6022: result: yes
configure:6048: checking whether the gcc linker (/usr/bin/ld -m elf_x86_64) supports shared libraries
configure:6944: result: yes
configure:6970: checking whether -lc should be explicitly linked in
configure:6975: gcc -c -g -O2  conftest.c >&5
configure:6978: $? = 0
configure:6992: gcc -shared conftest.o  -v -Wl,-soname -Wl,conftest -o conftest 2\>\&1 \| grep  -lc  \>/dev/null 2\>\&1
configure:6995: $? = 0
configure:7007: result: no
configure:7015: checking dynamic linker characteristics
configure:7383: gcc -c -g -O2  conftest.c >&5
configure:7386: $? = 0
configure:7582: result: GNU/Linux ld.so
configure:7586: checking how to hardcode library paths into programs
configure:7611: result: immediate
configure:7625: checking whether stripping libraries is possible
configure:7630: result: yes
configure:8460: checking if libtool supports shared libraries
configure:8462: result: yes
configure:8465: checking whether to build shared libraries
configure:8486: result: yes
configure:8489: checking whether to build static libraries
configure:8493: result: no
configure:8585: creating libtool
configure:9163: checking for ld used by g++
configure:9230: result: /usr/bin/ld -m elf_x86_64
configure:9239: checking if the linker (/usr/bin/ld -m elf_x86_64) is GNU ld
configure:9254: result: yes
configure:9305: checking whether the g++ linker (/usr/bin/ld -m elf_x86_64) supports shared libraries
configure:10192: result: yes
configure:10214: g++ -c -g -O2  conftest.cc >&5
configure:10217: $? = 0
configure:10313: checking for g++ option to produce PIC
configure:10581: result: -fPIC
configure:10589: checking if g++ PIC flag -fPIC works
configure:10607: g++ -c -g -O2  -fPIC -DPIC conftest.cc >&5
configure:10611: $? = 0
configure:10624: result: yes
configure:10648: checking if g++ supports -c -o file.o
configure:10669: g++ -c -g -O2  -o out/conftest2.o conftest.cc >&5
configure:10673: $? = 0
configure:10695: result: yes
configure:10721: checking whether the g++ linker (/usr/bin/ld -m elf_x86_64) supports shared libraries
configure:10746: result: yes
configure:10817: checking dynamic linker characteristics
configure:11185: g++ -c -g -O2  conftest.cc >&5
configure:11188: $? = 0
configure:11384: result: GNU/Linux ld.so
configure:11388: checking how to hardcode library paths into programs
configure:11413: result: immediate
configure:11427: checking whether stripping libraries is possible
configure:11432: result: yes
configure:12768: checking if libtool supports shared libraries
configure:12770: result: yes
configure:12773: checking whether to build shared libraries
configure:12793: result: yes
configure:12796: checking whether to build static libraries
configure:12800: result: no
configure:12812: checking for f77 option to produce PIC
configure:13016: result: -fPIC
configure:13024: checking if f77 PIC flag -fPIC works
configure:13042: f77 -c -g -O2 -fPIC conftest.f >&5
   t:
configure:13046: $? = 0
configure:13059: result: yes
configure:13083: checking if f77 supports -c -o file.o
configure:13104: f77 -c -g -O2 -o out/conftest2.o conftest.f >&5
   t:
configure:13108: $? = 0
configure:13130: result: yes
configure:13156: checking whether the f77 linker (/usr/bin/ld -m elf_x86_64) supports shared libraries
configure:14032: result: yes
configure:14103: checking dynamic linker characteristics
configure:14471: f77 -c -g -O2 conftest.f >&5
configure:14474: $? = 0
configure:14670: result: GNU/Linux ld.so
configure:14674: checking how to hardcode library paths into programs
configure:14699: result: immediate
configure:14713: checking whether stripping libraries is possible
configure:14718: result: yes
configure:18999: checking for a BSD-compatible install
configure:19054: result: /usr/bin/install -c
configure:19065: checking whether build environment is sane
configure:19108: result: yes
configure:19173: checking for gawk
configure:19189: found /usr/bin/gawk
configure:19199: result: gawk
configure:19209: checking whether make sets $(MAKE)
configure:19229: result: yes
configure:19259: checking for style of include used by make
configure:19287: result: GNU
configure:19463: checking dependency style of gcc
configure:19553: result: none
configure:19572: checking dependency style of g++
configure:19662: result: none
configure:19694: checking fcntl.h usability
configure:19706: gcc -c -g -O2  conftest.c >&5
configure:19712: $? = 0
configure:19716: test -z 
			 || test ! -s conftest.err
configure:19719: $? = 0
configure:19722: test -s conftest.o
configure:19725: $? = 0
configure:19735: result: yes
configure:19739: checking fcntl.h presence
configure:19749: gcc -E  conftest.c
configure:19755: $? = 0
configure:19775: result: yes
configure:19810: checking for fcntl.h
configure:19817: result: yes
configure:19844: checking sys/fcntl.h usability
configure:19856: gcc -c -g -O2  conftest.c >&5
configure:19862: $? = 0
configure:19866: test -z 
			 || test ! -s conftest.err
configure:19869: $? = 0
configure:19872: test -s conftest.o
configure:19875: $? = 0
configure:19885: result: yes
configure:19889: checking sys/fcntl.h presence
configure:19899: gcc -E  conftest.c
configure:19905: $? = 0
configure:19925: result: yes
configure:19960: checking for sys/fcntl.h
configure:19967: result: yes
configure:19994: checking sys/file.h usability
configure:20006: gcc -c -g -O2  conftest.c >&5
configure:20012: $? = 0
configure:20016: test -z 
			 || test ! -s conftest.err
configure:20019: $? = 0
configure:20022: test -s conftest.o
configure:20025: $? = 0
configure:20035: result: yes
configure:20039: checking sys/file.h presence
configure:20049: gcc -E  conftest.c
configure:20055: $? = 0
configure:20075: result: yes
configure:20110: checking for sys/file.h
configure:20117: result: yes
configure:20144: checking sys/time.h usability
configure:20156: gcc -c -g -O2  conftest.c >&5
configure:20162: $? = 0
configure:20166: test -z 
			 || test ! -s conftest.err
configure:20169: $? = 0
configure:20172: test -s conftest.o
configure:20175: $? = 0
configure:20185: result: yes
configure:20189: checking sys/time.h presence
configure:20199: gcc -E  conftest.c
configure:20205: $? = 0
configure:20225: result: yes
configure:20260: checking for sys/time.h
configure:20267: result: yes
configure:20294: checking sys/signal.h usability
configure:20306: gcc -c -g -O2  conftest.c >&5
configure:20312: $? = 0
configure:20316: test -z 
			 || test ! -s conftest.err
configure:20319: $? = 0
configure:20322: test -s conftest.o
configure:20325: $? = 0
configure:20335: result: yes
configure:20339: checking sys/signal.h presence
configure:20349: gcc -E  conftest.c
configure:20355: $? = 0
configure:20375: result: yes
configure:20410: checking for sys/signal.h
configure:20417: result: yes
configure:20444: checking signal.h usability
configure:20456: gcc -c -g -O2  conftest.c >&5
configure:20462: $? = 0
configure:20466: test -z 
			 || test ! -s conftest.err
configure:20469: $? = 0
configure:20472: test -s conftest.o
configure:20475: $? = 0
configure:20485: result: yes
configure:20489: checking signal.h presence
configure:20499: gcc -E  conftest.c
configure:20505: $? = 0
configure:20525: result: yes
configure:20560: checking for signal.h
configure:20567: result: yes
configure:20594: checking termios.h usability
configure:20606: gcc -c -g -O2  conftest.c >&5
configure:20612: $? = 0
configure:20616: test -z 
			 || test ! -s conftest.err
configure:20619: $? = 0
configure:20622: test -s conftest.o
configure:20625: $? = 0
configure:20635: result: yes
configure:20639: checking termios.h presence
configure:20649: gcc -E  conftest.c
configure:20655: $? = 0
configure:20675: result: yes
configure:20710: checking for termios.h
configure:20717: result: yes
configure:20744: checking grp.h usability
configure:20756: gcc -c -g -O2  conftest.c >&5
configure:20762: $? = 0
configure:20766: test -z 
			 || test ! -s conftest.err
configure:20769: $? = 0
configure:20772: test -s conftest.o
configure:20775: $? = 0
configure:20785: result: yes
configure:20789: checking grp.h presence
configure:20799: gcc -E  conftest.c
configure:20805: $? = 0
configure:20825: result: yes
configure:20860: checking for grp.h
configure:20867: result: yes
configure:20894: checking pwd.h usability
configure:20906: gcc -c -g -O2  conftest.c >&5
configure:20912: $? = 0
configure:20916: test -z 
			 || test ! -s conftest.err
configure:20919: $? = 0
configure:20922: test -s conftest.o
configure:20925: $? = 0
configure:20935: result: yes
configure:20939: checking pwd.h presence
configure:20949: gcc -E  conftest.c
configure:20955: $? = 0
configure:20975: result: yes
configure:21010: checking for pwd.h
configure:21017: result: yes
configure:21031: checking whether gcc needs -traditional
configure:21073: result: no
configure:21116: checking whether to enable maintainer-specific portions of Makefiles
configure:21125: result: no
configure:21270: WARNING: using JAVA_HOME environmental variable
configure:22021: creating ./config.status

## ---------------------- ##
## Running config.status. ##
## ---------------------- ##

This file was extended by config.status, which was
generated by GNU Autoconf 2.59.  Invocation command line was

  CONFIG_FILES    = 
  CONFIG_HEADERS  = 
  CONFIG_LINKS    = 
  CONFIG_COMMANDS = 
  $ ./config.status 

on chris-desktop

config.status:754: creating Makefile
config.status:858: creating config.h
config.status:984: config.h is unchanged
config.status:1164: executing depfiles commands

## ---------------- ##
## Cache variables. ##
## ---------------- ##

ac_cv_build=x86_64-unknown-linux-gnu
ac_cv_build_alias=x86_64-unknown-linux-gnu
ac_cv_c_compiler_gnu=yes
ac_cv_cxx_compiler_gnu=yes
ac_cv_env_CC_set=
ac_cv_env_CC_value=
ac_cv_env_CFLAGS_set=
ac_cv_env_CFLAGS_value=
ac_cv_env_CPPFLAGS_set=
ac_cv_env_CPPFLAGS_value=
ac_cv_env_CPP_set=
ac_cv_env_CPP_value=
ac_cv_env_CXXCPP_set=
ac_cv_env_CXXCPP_value=
ac_cv_env_CXXFLAGS_set=
ac_cv_env_CXXFLAGS_value=
ac_cv_env_CXX_set=
ac_cv_env_CXX_value=
ac_cv_env_F77_set=
ac_cv_env_F77_value=
ac_cv_env_FFLAGS_set=
ac_cv_env_FFLAGS_value=
ac_cv_env_LDFLAGS_set=
ac_cv_env_LDFLAGS_value=
ac_cv_env_build_alias_set=
ac_cv_env_build_alias_value=
ac_cv_env_host_alias_set=
ac_cv_env_host_alias_value=
ac_cv_env_target_alias_set=
ac_cv_env_target_alias_value=
ac_cv_exeext=
ac_cv_f77_compiler_gnu=yes
ac_cv_header_dlfcn_h=yes
ac_cv_header_fcntl_h=yes
ac_cv_header_grp_h=yes
ac_cv_header_inttypes_h=yes
ac_cv_header_memory_h=yes
ac_cv_header_pwd_h=yes
ac_cv_header_signal_h=yes
ac_cv_header_stdc=yes
ac_cv_header_stdint_h=yes
ac_cv_header_stdlib_h=yes
ac_cv_header_string_h=yes
ac_cv_header_strings_h=yes
ac_cv_header_sys_fcntl_h=yes
ac_cv_header_sys_file_h=yes
ac_cv_header_sys_signal_h=yes
ac_cv_header_sys_stat_h=yes
ac_cv_header_sys_time_h=yes
ac_cv_header_sys_types_h=yes
ac_cv_header_termios_h=yes
ac_cv_header_unistd_h=yes
ac_cv_host=x86_64-unknown-linux-gnu
ac_cv_host_alias=x86_64-unknown-linux-gnu
ac_cv_objext=o
ac_cv_path_install='/usr/bin/install -c'
ac_cv_prog_AWK=gawk
ac_cv_prog_CPP='gcc -E'
ac_cv_prog_CXXCPP='g++ -E'
ac_cv_prog_ac_ct_AR=ar
ac_cv_prog_ac_ct_CC=gcc
ac_cv_prog_ac_ct_CXX=g++
ac_cv_prog_ac_ct_F77=f77
ac_cv_prog_ac_ct_RANLIB=ranlib
ac_cv_prog_ac_ct_STRIP=strip
ac_cv_prog_cc_g=yes
ac_cv_prog_cc_stdc=
ac_cv_prog_cxx_g=yes
ac_cv_prog_egrep='grep -E'
ac_cv_prog_f77_g=yes
ac_cv_prog_gcc_traditional=no
ac_cv_prog_make_make_set=yes
ac_cv_target=x86_64-unknown-linux-gnu
ac_cv_target_alias=x86_64-unknown-linux-gnu
am_cv_CC_dependencies_compiler_type=none
am_cv_CXX_dependencies_compiler_type=none
lt_cv_deplibs_check_method=pass_all
lt_cv_file_magic_cmd='$MAGIC_CMD'
lt_cv_file_magic_test_file=
lt_cv_ld_reload_flag=-r
lt_cv_objdir=.libs
lt_cv_path_LD=/usr/bin/ld
lt_cv_path_LDCXX='/usr/bin/ld -m elf_x86_64'
lt_cv_path_NM='/usr/bin/nm -B'
lt_cv_path_SED=/bin/sed
lt_cv_prog_compiler_c_o=yes
lt_cv_prog_compiler_c_o_CXX=yes
lt_cv_prog_compiler_c_o_F77=yes
lt_cv_prog_compiler_rtti_exceptions=no
lt_cv_prog_gnu_ld=yes
lt_cv_prog_gnu_ldcxx=yes
lt_cv_sys_global_symbol_pipe='sed -n -e '\''s/^.*[ 	]\([ABCDGIRSTW][ABCDGIRSTW]*\)[ 	][ 	]*\([_A-Za-z][_A-Za-z0-9]*\)$/\1 \2 \2/p'\'''
lt_cv_sys_global_symbol_to_c_name_address='sed -n -e '\''s/^: \([^ ]*\) $/  {\"\1\", (lt_ptr) 0},/p'\'' -e '\''s/^[BCDEGRST] \([^ ]*\) \([^ ]*\)$/  {"\2", (lt_ptr) \&\2},/p'\'''
lt_cv_sys_global_symbol_to_cdecl='sed -n -e '\''s/^. .* \(.*\)$/extern int \1;/p'\'''
lt_cv_sys_max_cmd_len=32768
lt_lt_cv_prog_compiler_c_o='"yes"'
lt_lt_cv_prog_compiler_c_o_CXX='"yes"'
lt_lt_cv_prog_compiler_c_o_F77='"yes"'
lt_lt_cv_sys_global_symbol_pipe='"sed -n -e '\''s/^.*[ 	]\\([ABCDGIRSTW][ABCDGIRSTW]*\\)[ 	][ 	]*\\([_A-Za-z][_A-Za-z0-9]*\\)\$/\\1 \\2 \\2/p'\''"'
lt_lt_cv_sys_global_symbol_to_c_name_address='"sed -n -e '\''s/^: \\([^ ]*\\) \$/  {\\\"\\1\\\", (lt_ptr) 0},/p'\'' -e '\''s/^[BCDEGRST] \\([^ ]*\\) \\([^ ]*\\)\$/  {\"\\2\", (lt_ptr) \\&\\2},/p'\''"'
lt_lt_cv_sys_global_symbol_to_cdecl='"sed -n -e '\''s/^. .* \\(.*\\)\$/extern int \\1;/p'\''"'

## ----------------- ##
## Output variables. ##
## ----------------- ##

ACLOCAL='${SHELL} /home/chris/rxtx-2.1-7r2/missing --run aclocal-1.9'
AMDEPBACKSLASH='\'
AMDEP_FALSE='#'
AMDEP_TRUE=''
AMTAR='${SHELL} /home/chris/rxtx-2.1-7r2/missing --run tar'
AR='ar'
AUTOCONF='${SHELL} /home/chris/rxtx-2.1-7r2/missing --run autoconf'
AUTOHEADER='${SHELL} /home/chris/rxtx-2.1-7r2/missing --run autoheader'
AUTOMAKE='${SHELL} /home/chris/rxtx-2.1-7r2/missing --run automake-1.9'
AWK='gawk'
CC='gcc'
CCDEPMODE='depmode=none'
CFLAGS='-g -O2 -D_POSIX_SOURCE -D_BSD_SOURCE -D__need_timespec'
CLASSPATH='.:'
COMPILE='cc '
CPP='gcc -E'
CPPFLAGS=''
CXX='g++'
CXXCPP='g++ -E'
CXXDEPMODE='depmode=none'
CXXFLAGS='-g -O2'
CYGPATH_W='echo'
DEFS='-DHAVE_CONFIG_H'
DEPDIR='.deps'
ECHO='echo'
ECHO_C=''
ECHO_N='-n'
ECHO_T=''
EGREP='grep -E'
EXEEXT=''
EXTENSION='c'
F77='f77'
FFLAGS='-g -O2'
GLIBTOOL='$(SHELL) $(TOP)/libtool'
INSTALL_DATA='${INSTALL} -m 644'
INSTALL_PROGRAM='${INSTALL}'
INSTALL_SCRIPT='${INSTALL}'
INSTALL_STRIP_PROGRAM='${SHELL} $(install_sh) -c -s'
JAR='$(JPATH)/bin/jar'
JAVAC='$(JPATH)/bin/javac -classpath $(CLASSPATH) -d $(TOP)/ -O -source 1.3 -target 1.3'
JAVADOC='$(JPATH)/bin/javadoc'
JAVAH='$(JPATH)/bin/javah -classpath $(CLASSPATH) -d $(DEST) -jni'
JAVAH_FIX=''
JAVAINCLUDE='-I$(JAVAINCLUDEDIR)'
JAVAINCLUDEDIR='/usr/lib/jvm/java-6-sun-1.6.0.20/include'
JAVANATINC='-I$(JAVAINCLUDEDIR)/./linux/'
JAVA_CLASS_PATH=''
JAVA_CLASS_VERSION=''
JAVA_HOME='/usr/lib/jvm/java-6-sun-1.6.0.20'
JAVA_LIBRARY_PATH=''
JAVA_VENDOR='Sun Microsystems Inc.'
JAVA_VERSION='1.6.0_20'
JHOME=''
JPATH='/usr/lib/jvm/java-6-sun-1.6.0.20'
LDFLAG=''
LDFLAGS=' -lpthread'
LIBOBJS=''
LIBS=''
LIBTOOL='$(SHELL) $(top_builddir)/libtool'
LIBTOOL_FIX=''
LIB_EXTENSION='la'
LINK='$(GLIBTOOL) --mode=link $(CC) $(CFLAGS) $(LDFLAGS) -release $(VERSION) -o librxtx$*.la -rpath $(RXTX_PATH)'
LN_S='ln -s'
LTLIBOBJS=''
MAINT='#'
MAINTAINER_MODE_FALSE=''
MAINTAINER_MODE_TRUE='#'
MAKEINFO='${SHELL} /home/chris/rxtx-2.1-7r2/missing --run makeinfo'
OBJECT_EXTENSION='lo'
OBJEXT='o'
OS_ARCH='amd64'
OS_NAME='Linux'
OS_VERSION='2.6.31-21-generic'
PACKAGE='Serial'
PACKAGE_BUGREPORT=''
PACKAGE_NAME=''
PACKAGE_STRING=''
PACKAGE_TARNAME=''
PACKAGE_VERSION=''
PATH_SEPARATOR=':'
RANLIB='ranlib'
RXTX_PATH=''
SET_MAKE=''
SHELL='/bin/bash'
STRIP='strip'
TARGETLIB='$(target_triplet)/librxtxSerial.la 			$(target_triplet)/librxtxParallel.la 			$(target_triplet)/librxtxI2C.la 			$(target_triplet)/librxtxRaw.la 			$(target_triplet)/librxtxRS485.la'
THREAD_FLAG=''
TOP='/home/chris/rxtx-2.1-7r2'
VERSION='2.1-7'
WINDOWS_JAVA_INCLUDE=''
ac_ct_AR='ar'
ac_ct_CC='gcc'
ac_ct_CXX='g++'
ac_ct_F77='f77'
ac_ct_RANLIB='ranlib'
ac_ct_STRIP='strip'
am__fastdepCC_FALSE=''
am__fastdepCC_TRUE='#'
am__fastdepCXX_FALSE=''
am__fastdepCXX_TRUE='#'
am__include='include'
am__leading_dot='.'
am__quote=''
am__tar='${AMTAR} chof - "$$tardir"'
am__untar='${AMTAR} xf -'
bindir='${exec_prefix}/bin'
build='x86_64-unknown-linux-gnu'
build_alias=''
build_cpu='x86_64'
build_os='linux-gnu'
build_vendor='unknown'
datadir='${prefix}/share'
exec_prefix='${prefix}'
host='x86_64-unknown-linux-gnu'
host_alias=''
host_cpu='x86_64'
host_os='linux-gnu'
host_vendor='unknown'
includedir='${prefix}/include'
infodir='${prefix}/info'
install_sh='/home/chris/rxtx-2.1-7r2/install-sh'
libdir='${exec_prefix}/lib'
libexecdir='${exec_prefix}/libexec'
localstatedir='${prefix}/var'
mandir='${prefix}/man'
mkdir_p='mkdir -p --'
oldincludedir='/usr/include'
prefix='/usr/local'
program_transform_name='s,x,x,'
sbindir='${exec_prefix}/sbin'
sharedstatedir='${prefix}/com'
sysconfdir='${prefix}/etc'
target='x86_64-unknown-linux-gnu'
target_alias=''
target_cpu='x86_64'
target_os='linux-gnu'
target_vendor='unknown'

## ----------- ##
## confdefs.h. ##
## ----------- ##

#define HAVE_DLFCN_H 1
#define HAVE_FCNTL_H 1
#define HAVE_GRP_H 1
#define HAVE_INTTYPES_H 1
#define HAVE_MEMORY_H 1
#define HAVE_PWD_H 1
#define HAVE_SIGNAL_H 1
#define HAVE_STDINT_H 1
#define HAVE_STDLIB_H 1
#define HAVE_STRINGS_H 1
#define HAVE_STRING_H 1
#define HAVE_SYS_FCNTL_H 1
#define HAVE_SYS_FILE_H 1
#define HAVE_SYS_SIGNAL_H 1
#define HAVE_SYS_STAT_H 1
#define HAVE_SYS_TIME_H 1
#define HAVE_SYS_TYPES_H 1
#define HAVE_TERMIOS_H 1
#define HAVE_UNISTD_H 1
#define PACKAGE "Serial"
#define PACKAGE_BUGREPORT ""
#define PACKAGE_NAME ""
#define PACKAGE_STRING ""
#define PACKAGE_TARNAME ""
#define PACKAGE_VERSION ""
#define STDC_HEADERS 1
#define VERSION "2.1-7"
#endif
#ifdef __cplusplus
extern "C" void exit (int) throw ();

configure: exit 0
